<?xml version="1.0" encoding="UTF-8"?>
<testsuite xmlns:xsi="http://www.w3.org/2001/XMLSchema-instance" xsi:noNamespaceSchemaLocation="https://maven.apache.org/surefire/maven-surefire-plugin/xsd/surefire-test-report.xsd" version="3.0.2" name="TestSuite" time="91.774" tests="2" errors="0" skipped="0" failures="0">
  <properties>
    <property name="java.specification.version" value="24"/>
    <property name="sun.cpu.isalist" value="amd64"/>
    <property name="sun.jnu.encoding" value="Cp1252"/>
    <property name="java.class.path" value="C:\Users\NayeemJohnY\MySpace\Nayeem\Learning\cloud-eagle\target\test-classes;C:\Users\NayeemJohnY\MySpace\Nayeem\Learning\cloud-eagle\target\classes;C:\Users\NayeemJohnY\.m2\repository\org\seleniumhq\selenium\selenium-java\4.35.0\selenium-java-4.35.0.jar;C:\Users\NayeemJohnY\.m2\repository\org\seleniumhq\selenium\selenium-api\4.35.0\selenium-api-4.35.0.jar;C:\Users\NayeemJohnY\.m2\repository\org\jspecify\jspecify\1.0.0\jspecify-1.0.0.jar;C:\Users\NayeemJohnY\.m2\repository\org\seleniumhq\selenium\selenium-chrome-driver\4.35.0\selenium-chrome-driver-4.35.0.jar;C:\Users\NayeemJohnY\.m2\repository\com\google\auto\service\auto-service-annotations\1.1.1\auto-service-annotations-1.1.1.jar;C:\Users\NayeemJohnY\.m2\repository\org\seleniumhq\selenium\selenium-chromium-driver\4.35.0\selenium-chromium-driver-4.35.0.jar;C:\Users\NayeemJohnY\.m2\repository\org\seleniumhq\selenium\selenium-json\4.35.0\selenium-json-4.35.0.jar;C:\Users\NayeemJohnY\.m2\repository\org\seleniumhq\selenium\selenium-manager\4.35.0\selenium-manager-4.35.0.jar;C:\Users\NayeemJohnY\.m2\repository\org\seleniumhq\selenium\selenium-devtools-v137\4.35.0\selenium-devtools-v137-4.35.0.jar;C:\Users\NayeemJohnY\.m2\repository\org\seleniumhq\selenium\selenium-devtools-v138\4.35.0\selenium-devtools-v138-4.35.0.jar;C:\Users\NayeemJohnY\.m2\repository\org\seleniumhq\selenium\selenium-devtools-v139\4.35.0\selenium-devtools-v139-4.35.0.jar;C:\Users\NayeemJohnY\.m2\repository\org\seleniumhq\selenium\selenium-edge-driver\4.35.0\selenium-edge-driver-4.35.0.jar;C:\Users\NayeemJohnY\.m2\repository\org\seleniumhq\selenium\selenium-firefox-driver\4.35.0\selenium-firefox-driver-4.35.0.jar;C:\Users\NayeemJohnY\.m2\repository\org\seleniumhq\selenium\selenium-http\4.35.0\selenium-http-4.35.0.jar;C:\Users\NayeemJohnY\.m2\repository\org\seleniumhq\selenium\selenium-ie-driver\4.35.0\selenium-ie-driver-4.35.0.jar;C:\Users\NayeemJohnY\.m2\repository\org\seleniumhq\selenium\selenium-remote-driver\4.35.0\selenium-remote-driver-4.35.0.jar;C:\Users\NayeemJohnY\.m2\repository\com\google\guava\guava\33.4.8-jre\guava-33.4.8-jre.jar;C:\Users\NayeemJohnY\.m2\repository\com\google\guava\failureaccess\1.0.3\failureaccess-1.0.3.jar;C:\Users\NayeemJohnY\.m2\repository\com\google\guava\listenablefuture\9999.0-empty-to-avoid-conflict-with-guava\listenablefuture-9999.0-empty-to-avoid-conflict-with-guava.jar;C:\Users\NayeemJohnY\.m2\repository\com\google\errorprone\error_prone_annotations\2.36.0\error_prone_annotations-2.36.0.jar;C:\Users\NayeemJohnY\.m2\repository\com\google\j2objc\j2objc-annotations\3.0.0\j2objc-annotations-3.0.0.jar;C:\Users\NayeemJohnY\.m2\repository\io\opentelemetry\opentelemetry-api\1.53.0\opentelemetry-api-1.53.0.jar;C:\Users\NayeemJohnY\.m2\repository\io\opentelemetry\opentelemetry-context\1.53.0\opentelemetry-context-1.53.0.jar;C:\Users\NayeemJohnY\.m2\repository\io\opentelemetry\opentelemetry-common\1.53.0\opentelemetry-common-1.53.0.jar;C:\Users\NayeemJohnY\.m2\repository\io\opentelemetry\opentelemetry-exporter-logging\1.53.0\opentelemetry-exporter-logging-1.53.0.jar;C:\Users\NayeemJohnY\.m2\repository\io\opentelemetry\opentelemetry-sdk-common\1.53.0\opentelemetry-sdk-common-1.53.0.jar;C:\Users\NayeemJohnY\.m2\repository\io\opentelemetry\opentelemetry-sdk-extension-autoconfigure-spi\1.53.0\opentelemetry-sdk-extension-autoconfigure-spi-1.53.0.jar;C:\Users\NayeemJohnY\.m2\repository\io\opentelemetry\opentelemetry-sdk-extension-autoconfigure\1.53.0\opentelemetry-sdk-extension-autoconfigure-1.53.0.jar;C:\Users\NayeemJohnY\.m2\repository\io\opentelemetry\opentelemetry-sdk-trace\1.53.0\opentelemetry-sdk-trace-1.53.0.jar;C:\Users\NayeemJohnY\.m2\repository\io\opentelemetry\opentelemetry-sdk\1.53.0\opentelemetry-sdk-1.53.0.jar;C:\Users\NayeemJohnY\.m2\repository\io\opentelemetry\opentelemetry-sdk-metrics\1.53.0\opentelemetry-sdk-metrics-1.53.0.jar;C:\Users\NayeemJohnY\.m2\repository\io\opentelemetry\opentelemetry-sdk-logs\1.53.0\opentelemetry-sdk-logs-1.53.0.jar;C:\Users\NayeemJohnY\.m2\repository\net\bytebuddy\byte-buddy\1.17.6\byte-buddy-1.17.6.jar;C:\Users\NayeemJohnY\.m2\repository\org\seleniumhq\selenium\selenium-os\4.35.0\selenium-os-4.35.0.jar;C:\Users\NayeemJohnY\.m2\repository\org\apache\commons\commons-exec\1.5.0\commons-exec-1.5.0.jar;C:\Users\NayeemJohnY\.m2\repository\org\seleniumhq\selenium\selenium-safari-driver\4.35.0\selenium-safari-driver-4.35.0.jar;C:\Users\NayeemJohnY\.m2\repository\org\seleniumhq\selenium\selenium-support\4.35.0\selenium-support-4.35.0.jar;C:\Users\NayeemJohnY\.m2\repository\org\testng\testng\7.11.0\testng-7.11.0.jar;C:\Users\NayeemJohnY\.m2\repository\org\slf4j\slf4j-api\2.0.16\slf4j-api-2.0.16.jar;C:\Users\NayeemJohnY\.m2\repository\org\jcommander\jcommander\1.83\jcommander-1.83.jar;C:\Users\NayeemJohnY\.m2\repository\org\webjars\jquery\3.7.1\jquery-3.7.1.jar;C:\Users\NayeemJohnY\.m2\repository\org\apache\logging\log4j\log4j-core\2.25.1\log4j-core-2.25.1.jar;C:\Users\NayeemJohnY\.m2\repository\org\apache\logging\log4j\log4j-api\2.25.1\log4j-api-2.25.1.jar;C:\Users\NayeemJohnY\.m2\repository\io\qameta\allure\allure-testng\2.29.1\allure-testng-2.29.1.jar;C:\Users\NayeemJohnY\.m2\repository\io\qameta\allure\allure-java-commons\2.29.1\allure-java-commons-2.29.1.jar;C:\Users\NayeemJohnY\.m2\repository\io\qameta\allure\allure-model\2.29.1\allure-model-2.29.1.jar;C:\Users\NayeemJohnY\.m2\repository\io\qameta\allure\allure-test-filter\2.29.1\allure-test-filter-2.29.1.jar;"/>
    <property name="java.vm.vendor" value="Oracle Corporation"/>
    <property name="sun.arch.data.model" value="64"/>
    <property name="user.variant" value=""/>
    <property name="java.vendor.url" value="https://java.oracle.com/"/>
    <property name="user.timezone" value="Asia/Calcutta"/>
    <property name="os.name" value="Windows 11"/>
    <property name="java.vm.specification.version" value="24"/>
    <property name="sun.java.launcher" value="SUN_STANDARD"/>
    <property name="user.country" value="IN"/>
    <property name="sun.boot.library.path" value="C:\Program Files\jdk-24\bin"/>
    <property name="sun.java.command" value="C:\Users\NayeemJohnY\AppData\Local\Temp\surefire7002098578851425619\surefirebooter-20250918094934428_3.jar C:\Users\NayeemJohnY\AppData\Local\Temp\surefire7002098578851425619 2025-09-18T09-49-34_203-jvmRun1 surefire-20250918094934428_1tmp surefire_0-20250918094934428_2tmp"/>
    <property name="jdk.debug" value="release"/>
    <property name="surefire.test.class.path" value="C:\Users\NayeemJohnY\MySpace\Nayeem\Learning\cloud-eagle\target\test-classes;C:\Users\NayeemJohnY\MySpace\Nayeem\Learning\cloud-eagle\target\classes;C:\Users\NayeemJohnY\.m2\repository\org\seleniumhq\selenium\selenium-java\4.35.0\selenium-java-4.35.0.jar;C:\Users\NayeemJohnY\.m2\repository\org\seleniumhq\selenium\selenium-api\4.35.0\selenium-api-4.35.0.jar;C:\Users\NayeemJohnY\.m2\repository\org\jspecify\jspecify\1.0.0\jspecify-1.0.0.jar;C:\Users\NayeemJohnY\.m2\repository\org\seleniumhq\selenium\selenium-chrome-driver\4.35.0\selenium-chrome-driver-4.35.0.jar;C:\Users\NayeemJohnY\.m2\repository\com\google\auto\service\auto-service-annotations\1.1.1\auto-service-annotations-1.1.1.jar;C:\Users\NayeemJohnY\.m2\repository\org\seleniumhq\selenium\selenium-chromium-driver\4.35.0\selenium-chromium-driver-4.35.0.jar;C:\Users\NayeemJohnY\.m2\repository\org\seleniumhq\selenium\selenium-json\4.35.0\selenium-json-4.35.0.jar;C:\Users\NayeemJohnY\.m2\repository\org\seleniumhq\selenium\selenium-manager\4.35.0\selenium-manager-4.35.0.jar;C:\Users\NayeemJohnY\.m2\repository\org\seleniumhq\selenium\selenium-devtools-v137\4.35.0\selenium-devtools-v137-4.35.0.jar;C:\Users\NayeemJohnY\.m2\repository\org\seleniumhq\selenium\selenium-devtools-v138\4.35.0\selenium-devtools-v138-4.35.0.jar;C:\Users\NayeemJohnY\.m2\repository\org\seleniumhq\selenium\selenium-devtools-v139\4.35.0\selenium-devtools-v139-4.35.0.jar;C:\Users\NayeemJohnY\.m2\repository\org\seleniumhq\selenium\selenium-edge-driver\4.35.0\selenium-edge-driver-4.35.0.jar;C:\Users\NayeemJohnY\.m2\repository\org\seleniumhq\selenium\selenium-firefox-driver\4.35.0\selenium-firefox-driver-4.35.0.jar;C:\Users\NayeemJohnY\.m2\repository\org\seleniumhq\selenium\selenium-http\4.35.0\selenium-http-4.35.0.jar;C:\Users\NayeemJohnY\.m2\repository\org\seleniumhq\selenium\selenium-ie-driver\4.35.0\selenium-ie-driver-4.35.0.jar;C:\Users\NayeemJohnY\.m2\repository\org\seleniumhq\selenium\selenium-remote-driver\4.35.0\selenium-remote-driver-4.35.0.jar;C:\Users\NayeemJohnY\.m2\repository\com\google\guava\guava\33.4.8-jre\guava-33.4.8-jre.jar;C:\Users\NayeemJohnY\.m2\repository\com\google\guava\failureaccess\1.0.3\failureaccess-1.0.3.jar;C:\Users\NayeemJohnY\.m2\repository\com\google\guava\listenablefuture\9999.0-empty-to-avoid-conflict-with-guava\listenablefuture-9999.0-empty-to-avoid-conflict-with-guava.jar;C:\Users\NayeemJohnY\.m2\repository\com\google\errorprone\error_prone_annotations\2.36.0\error_prone_annotations-2.36.0.jar;C:\Users\NayeemJohnY\.m2\repository\com\google\j2objc\j2objc-annotations\3.0.0\j2objc-annotations-3.0.0.jar;C:\Users\NayeemJohnY\.m2\repository\io\opentelemetry\opentelemetry-api\1.53.0\opentelemetry-api-1.53.0.jar;C:\Users\NayeemJohnY\.m2\repository\io\opentelemetry\opentelemetry-context\1.53.0\opentelemetry-context-1.53.0.jar;C:\Users\NayeemJohnY\.m2\repository\io\opentelemetry\opentelemetry-common\1.53.0\opentelemetry-common-1.53.0.jar;C:\Users\NayeemJohnY\.m2\repository\io\opentelemetry\opentelemetry-exporter-logging\1.53.0\opentelemetry-exporter-logging-1.53.0.jar;C:\Users\NayeemJohnY\.m2\repository\io\opentelemetry\opentelemetry-sdk-common\1.53.0\opentelemetry-sdk-common-1.53.0.jar;C:\Users\NayeemJohnY\.m2\repository\io\opentelemetry\opentelemetry-sdk-extension-autoconfigure-spi\1.53.0\opentelemetry-sdk-extension-autoconfigure-spi-1.53.0.jar;C:\Users\NayeemJohnY\.m2\repository\io\opentelemetry\opentelemetry-sdk-extension-autoconfigure\1.53.0\opentelemetry-sdk-extension-autoconfigure-1.53.0.jar;C:\Users\NayeemJohnY\.m2\repository\io\opentelemetry\opentelemetry-sdk-trace\1.53.0\opentelemetry-sdk-trace-1.53.0.jar;C:\Users\NayeemJohnY\.m2\repository\io\opentelemetry\opentelemetry-sdk\1.53.0\opentelemetry-sdk-1.53.0.jar;C:\Users\NayeemJohnY\.m2\repository\io\opentelemetry\opentelemetry-sdk-metrics\1.53.0\opentelemetry-sdk-metrics-1.53.0.jar;C:\Users\NayeemJohnY\.m2\repository\io\opentelemetry\opentelemetry-sdk-logs\1.53.0\opentelemetry-sdk-logs-1.53.0.jar;C:\Users\NayeemJohnY\.m2\repository\net\bytebuddy\byte-buddy\1.17.6\byte-buddy-1.17.6.jar;C:\Users\NayeemJohnY\.m2\repository\org\seleniumhq\selenium\selenium-os\4.35.0\selenium-os-4.35.0.jar;C:\Users\NayeemJohnY\.m2\repository\org\apache\commons\commons-exec\1.5.0\commons-exec-1.5.0.jar;C:\Users\NayeemJohnY\.m2\repository\org\seleniumhq\selenium\selenium-safari-driver\4.35.0\selenium-safari-driver-4.35.0.jar;C:\Users\NayeemJohnY\.m2\repository\org\seleniumhq\selenium\selenium-support\4.35.0\selenium-support-4.35.0.jar;C:\Users\NayeemJohnY\.m2\repository\org\testng\testng\7.11.0\testng-7.11.0.jar;C:\Users\NayeemJohnY\.m2\repository\org\slf4j\slf4j-api\2.0.16\slf4j-api-2.0.16.jar;C:\Users\NayeemJohnY\.m2\repository\org\jcommander\jcommander\1.83\jcommander-1.83.jar;C:\Users\NayeemJohnY\.m2\repository\org\webjars\jquery\3.7.1\jquery-3.7.1.jar;C:\Users\NayeemJohnY\.m2\repository\org\apache\logging\log4j\log4j-core\2.25.1\log4j-core-2.25.1.jar;C:\Users\NayeemJohnY\.m2\repository\org\apache\logging\log4j\log4j-api\2.25.1\log4j-api-2.25.1.jar;C:\Users\NayeemJohnY\.m2\repository\io\qameta\allure\allure-testng\2.29.1\allure-testng-2.29.1.jar;C:\Users\NayeemJohnY\.m2\repository\io\qameta\allure\allure-java-commons\2.29.1\allure-java-commons-2.29.1.jar;C:\Users\NayeemJohnY\.m2\repository\io\qameta\allure\allure-model\2.29.1\allure-model-2.29.1.jar;C:\Users\NayeemJohnY\.m2\repository\io\qameta\allure\allure-test-filter\2.29.1\allure-test-filter-2.29.1.jar;"/>
    <property name="allure.results.directory" value="C:\Users\NayeemJohnY\MySpace\Nayeem\Learning\cloud-eagle/test-results/allure-results"/>
    <property name="sun.cpu.endian" value="little"/>
    <property name="user.home" value="C:\Users\NayeemJohnY"/>
    <property name="user.language" value="en"/>
    <property name="java.specification.vendor" value="Oracle Corporation"/>
    <property name="java.version.date" value="2025-03-18"/>
    <property name="java.home" value="C:\Program Files\jdk-24"/>
    <property name="file.separator" value="\"/>
    <property name="basedir" value="C:\Users\NayeemJohnY\MySpace\Nayeem\Learning\cloud-eagle"/>
    <property name="java.vm.compressedOopsMode" value="Zero based"/>
    <property name="line.separator" value="&#10;"/>
    <property name="java.vm.specification.vendor" value="Oracle Corporation"/>
    <property name="java.specification.name" value="Java Platform API Specification"/>
    <property name="surefire.real.class.path" value="C:\Users\NayeemJohnY\AppData\Local\Temp\surefire7002098578851425619\surefirebooter-20250918094934428_3.jar"/>
    <property name="user.script" value=""/>
    <property name="sun.management.compiler" value="HotSpot 64-Bit Tiered Compilers"/>
    <property name="java.runtime.version" value="24+36-3646"/>
    <property name="user.name" value="NayeemJohnY"/>
    <property name="stdout.encoding" value="Cp1252"/>
    <property name="path.separator" value=";"/>
    <property name="os.version" value="10.0"/>
    <property name="java.runtime.name" value="OpenJDK Runtime Environment"/>
    <property name="file.encoding" value="UTF-8"/>
    <property name="java.vm.name" value="OpenJDK 64-Bit Server VM"/>
    <property name="localRepository" value="C:\Users\NayeemJohnY\.m2\repository"/>
    <property name="java.vendor.url.bug" value="https://bugreport.java.com/bugreport/"/>
    <property name="java.io.tmpdir" value="C:\Users\NAYEEM~1\AppData\Local\Temp\"/>
    <property name="java.version" value="24"/>
    <property name="user.dir" value="C:\Users\NayeemJohnY\MySpace\Nayeem\Learning\cloud-eagle"/>
    <property name="os.arch" value="amd64"/>
    <property name="java.vm.specification.name" value="Java Virtual Machine Specification"/>
    <property name="sun.os.patch.level" value=""/>
    <property name="native.encoding" value="Cp1252"/>
    <property name="java.library.path" value="C:\Program Files\jdk-24\bin;C:\WINDOWS\Sun\Java\bin;C:\WINDOWS\system32;C:\WINDOWS;C:\Users\NayeemJohnY\bin;C:\Users\NayeemJohnY\AppData\Local\Programs\Git\mingw64\bin;C:\Users\NayeemJohnY\AppData\Local\Programs\Git\usr\local\bin;C:\Users\NayeemJohnY\AppData\Local\Programs\Git\usr\bin;C:\Users\NayeemJohnY\AppData\Local\Programs\Git\usr\bin;C:\Users\NayeemJohnY\AppData\Local\Programs\Git\mingw64\bin;C:\Users\NayeemJohnY\AppData\Local\Programs\Git\usr\bin;C:\Users\NayeemJohnY\bin;C:\Program Files\jdk-24\bin;C:\Program Files\Eclipse Adoptium\jdk-21.0.7.6-hotspot\bin;C:\WINDOWS\system32;C:\WINDOWS;C:\WINDOWS\System32\Wbem;C:\WINDOWS\System32\WindowsPowerShell\v1.0;C:\WINDOWS\System32\OpenSSH;C:\Users\NayeemJohnY\apache-maven-3.9.10-bin\apache-maven-3.9.10\bin;C:\Users\NayeemJohnY\allure-2.34.1\bin;C:\Program Files\nodejs;C:\Users\NayeemJohnY\AppData\Local\Programs\Python\Launcher;C:\Users\NayeemJohnY\AppData\Local\Microsoft\WindowsApps;C:\Users\NayeemJohnY\AppData\Roaming\npm;C:\Users\NayeemJohnY\AppData\Local\Programs\Git\cmd;C:\Users\NayeemJohnY\AppData\Local\Programs\Microsoft VS Code\bin;C:\Users\NayeemJohnY\AppData\Roaming\Code\User\globalStorage\github.copilot-chat\debugCommand;C:\Users\NayeemJohnY\AppData\Local\Programs\Git\usr\bin\vendor_perl;C:\Users\NayeemJohnY\AppData\Local\Programs\Git\usr\bin\core_perl;."/>
    <property name="java.vm.info" value="mixed mode, sharing"/>
    <property name="stderr.encoding" value="Cp1252"/>
    <property name="java.vendor" value="Oracle Corporation"/>
    <property name="java.vm.version" value="24+36-3646"/>
    <property name="sun.io.unicode.encoding" value="UnicodeLittle"/>
    <property name="java.class.version" value="68.0"/>
  </properties>
  <testcase name="testShouldAbleToLoginWithValidCredentials" classname="tests.LoginPageTest" time="16.039">
    <system-out><![CDATA[&amp#27;[36m[2025-09-18 09:49:36.744 IST]&amp#27;[m &amp#27;[32m[Thread ID: 3]&amp#27;[m &amp#27;[32m[INFO]&amp#27;[m Set up browser chrome with headless false, grid URL: null
&amp#27;[36m[2025-09-18 09:49:52.380 IST]&amp#27;[m &amp#27;[32m[Thread ID: 3]&amp#27;[m &amp#27;[32m[INFO]&amp#27;[m Using local WebDriver
&amp#27;[36m[2025-09-18 09:49:52.381 IST]&amp#27;[m &amp#27;[32m[Thread ID: 3]&amp#27;[m &amp#27;[32m[INFO]&amp#27;[m Launching application URL: https://sandbox20.cloudeagle.info/
&amp#27;[36m[2025-09-18 09:50:00.083 IST]&amp#27;[m &amp#27;[32m[Thread ID: 3]&amp#27;[m &amp#27;[32m[INFO]&amp#27;[m <=========== Test Started : testShouldAbleToLoginWithValidCredentials ===========>
&amp#27;[36m[2025-09-18 09:50:00.114 IST]&amp#27;[m &amp#27;[32m[Thread ID: 3]&amp#27;[m &amp#27;[32m[INFO]&amp#27;[m Send Keys 'support+sandbox20@cloudeagle.ai' to Element 'Email Field'
&amp#27;[36m[2025-09-18 09:50:03.289 IST]&amp#27;[m &amp#27;[32m[Thread ID: 3]&amp#27;[m &amp#27;[32m[INFO]&amp#27;[m Send Keys '******' to Element 'Password Field'
&amp#27;[36m[2025-09-18 09:50:03.530 IST]&amp#27;[m &amp#27;[32m[Thread ID: 3]&amp#27;[m &amp#27;[32m[INFO]&amp#27;[m Clicking on Element 'Sign In Button'
&amp#27;[36m[2025-09-18 09:50:03.785 IST]&amp#27;[m &amp#27;[32m[Thread ID: 3]&amp#27;[m &amp#27;[32m[INFO]&amp#27;[m Waiting for Element to visible 'Card Title' with replace values '[Managed Applications]'
&amp#27;[36m[2025-09-18 09:50:15.473 IST]&amp#27;[m &amp#27;[32m[Thread ID: 3]&amp#27;[m &amp#27;[32m[INFO]&amp#27;[m Waiting for Element to visible 'Profile Username' with replace values '[support+sandbox20@cloudeagle.ai]'
&amp#27;[36m[2025-09-18 09:50:16.079 IST]&amp#27;[m &amp#27;[32m[Thread ID: 3]&amp#27;[m &amp#27;[32m[INFO]&amp#27;[m Checking if Element is visible 'Dashboard Header'
]]></system-out>
    <system-err><![CDATA[SLF4J(W): No SLF4J providers were found.
SLF4J(W): Defaulting to no-operation (NOP) logger implementation
SLF4J(W): See https://www.slf4j.org/codes.html#noProviders for further details.
Sept 18, 2025 9:49:52 AM org.openqa.selenium.devtools.CdpVersionFinder findNearestMatch
WARNING: Unable to find an exact match for CDP version 140, returning the closest version; found: 139; Please update to a Selenium version that supports CDP version 140
]]></system-err>
  </testcase>
  <testcase name="testVerifyManagedApplicationsCountShownInDashboard" classname="tests.DashboardPageTest" time="36.554">
    <system-out><![CDATA[&amp#27;[36m[2025-09-18 09:50:16.129 IST]&amp#27;[m &amp#27;[32m[Thread ID: 3]&amp#27;[m &amp#27;[32m[INFO]&amp#27;[m <=========== Test Passed : testShouldAbleToLoginWithValidCredentials ===========>

&amp#27;[36m[2025-09-18 09:50:18.613 IST]&amp#27;[m &amp#27;[32m[Thread ID: 3]&amp#27;[m &amp#27;[32m[INFO]&amp#27;[m Set up browser chrome with headless false, grid URL: null
&amp#27;[36m[2025-09-18 09:50:22.007 IST]&amp#27;[m &amp#27;[32m[Thread ID: 3]&amp#27;[m &amp#27;[32m[INFO]&amp#27;[m Using local WebDriver
&amp#27;[36m[2025-09-18 09:50:22.008 IST]&amp#27;[m &amp#27;[32m[Thread ID: 3]&amp#27;[m &amp#27;[32m[INFO]&amp#27;[m Launching application URL: https://sandbox20.cloudeagle.info/
&amp#27;[36m[2025-09-18 09:50:28.099 IST]&amp#27;[m &amp#27;[32m[Thread ID: 3]&amp#27;[m &amp#27;[32m[INFO]&amp#27;[m <=========== Test Started : testVerifyManagedApplicationsCountShownInDashboard ===========>
&amp#27;[36m[2025-09-18 09:50:28.101 IST]&amp#27;[m &amp#27;[32m[Thread ID: 3]&amp#27;[m &amp#27;[32m[INFO]&amp#27;[m Send Keys 'support+sandbox20@cloudeagle.ai' to Element 'Email Field'
&amp#27;[36m[2025-09-18 09:50:31.059 IST]&amp#27;[m &amp#27;[32m[Thread ID: 3]&amp#27;[m &amp#27;[32m[INFO]&amp#27;[m Send Keys '******' to Element 'Password Field'
&amp#27;[36m[2025-09-18 09:50:31.191 IST]&amp#27;[m &amp#27;[32m[Thread ID: 3]&amp#27;[m &amp#27;[32m[INFO]&amp#27;[m Clicking on Element 'Sign In Button'
&amp#27;[36m[2025-09-18 09:50:31.458 IST]&amp#27;[m &amp#27;[32m[Thread ID: 3]&amp#27;[m &amp#27;[32m[INFO]&amp#27;[m Waiting for Element to visible 'Card Title' with replace values '[Managed Applications]'
&amp#27;[36m[2025-09-18 09:50:42.201 IST]&amp#27;[m &amp#27;[32m[Thread ID: 3]&amp#27;[m &amp#27;[32m[INFO]&amp#27;[m Waiting for Element to visible 'Profile Username' with replace values '[support+sandbox20@cloudeagle.ai]'
&amp#27;[36m[2025-09-18 09:50:42.237 IST]&amp#27;[m &amp#27;[32m[Thread ID: 3]&amp#27;[m &amp#27;[32m[INFO]&amp#27;[m Checking if Element is visible 'Dashboard Header'
&amp#27;[36m[2025-09-18 09:50:42.270 IST]&amp#27;[m &amp#27;[32m[Thread ID: 3]&amp#27;[m &amp#27;[32m[INFO]&amp#27;[m Getting text from Element 'Card Count Text' with replace values '[Managed Applications]'
&amp#27;[36m[2025-09-18 09:50:42.325 IST]&amp#27;[m &amp#27;[32m[Thread ID: 3]&amp#27;[m &amp#27;[32m[INFO]&amp#27;[m Clicking on Element 'Side Nav Menu' with replace values '[Applications]'
&amp#27;[36m[2025-09-18 09:50:42.469 IST]&amp#27;[m &amp#27;[32m[Thread ID: 3]&amp#27;[m &amp#27;[32m[INFO]&amp#27;[m [Actions] Moving on Element 'Applications'
&amp#27;[36m[2025-09-18 09:50:42.651 IST]&amp#27;[m &amp#27;[32m[Thread ID: 3]&amp#27;[m &amp#27;[32m[INFO]&amp#27;[m Waiting for Element to visible 'Applications Header'
&amp#27;[36m[2025-09-18 09:50:46.182 IST]&amp#27;[m &amp#27;[32m[Thread ID: 3]&amp#27;[m &amp#27;[32m[INFO]&amp#27;[m Waiting for Element to visible 'Card Container'
&amp#27;[36m[2025-09-18 09:50:46.221 IST]&amp#27;[m &amp#27;[32m[Thread ID: 3]&amp#27;[m &amp#27;[32m[INFO]&amp#27;[m Waiting for Element to visible 'Table Container'
&amp#27;[36m[2025-09-18 09:50:48.389 IST]&amp#27;[m &amp#27;[32m[Thread ID: 3]&amp#27;[m &amp#27;[32m[INFO]&amp#27;[m Getting Number of Elements 'Table Rows with Data Key' with replace values '[-1]'
&amp#27;[36m[2025-09-18 09:50:48.602 IST]&amp#27;[m &amp#27;[32m[Thread ID: 3]&amp#27;[m &amp#27;[32m[INFO]&amp#27;[m Scrolling into Element 'Last Visible Row'
&amp#27;[36m[2025-09-18 09:50:48.620 IST]&amp#27;[m &amp#27;[32m[Thread ID: 3]&amp#27;[m &amp#27;[32m[INFO]&amp#27;[m Getting Number of Elements 'Table Rows with Data Key' with replace values '[10]'
&amp#27;[36m[2025-09-18 09:50:49.001 IST]&amp#27;[m &amp#27;[32m[Thread ID: 3]&amp#27;[m &amp#27;[32m[INFO]&amp#27;[m Scrolling into Element 'Last Visible Row'
&amp#27;[36m[2025-09-18 09:50:49.016 IST]&amp#27;[m &amp#27;[32m[Thread ID: 3]&amp#27;[m &amp#27;[32m[INFO]&amp#27;[m Getting Number of Elements 'Table Rows with Data Key' with replace values '[20]'
&amp#27;[36m[2025-09-18 09:50:49.347 IST]&amp#27;[m &amp#27;[32m[Thread ID: 3]&amp#27;[m &amp#27;[32m[INFO]&amp#27;[m Scrolling into Element 'Last Visible Row'
&amp#27;[36m[2025-09-18 09:50:49.375 IST]&amp#27;[m &amp#27;[32m[Thread ID: 3]&amp#27;[m &amp#27;[32m[INFO]&amp#27;[m Getting Number of Elements 'Table Rows with Data Key' with replace values '[29]'
&amp#27;[36m[2025-09-18 09:50:59.453 IST]&amp#27;[m &amp#27;[32m[Thread ID: 3]&amp#27;[m &amp#27;[32m[INFO]&amp#27;[m Checking if Element is visible 'Enabled Table Next Page Icon'
&amp#27;[36m[2025-09-18 09:51:04.652 IST]&amp#27;[m &amp#27;[32m[Thread ID: 3]&amp#27;[m &amp#27;[32m[INFO]&amp#27;[m Element 'Enabled Table Next Page Icon' is not visible
]]></system-out>
    <system-err><![CDATA[Sept 18, 2025 9:50:22 AM org.openqa.selenium.devtools.CdpVersionFinder findNearestMatch
WARNING: Unable to find an exact match for CDP version 140, returning the closest version; found: 139; Please update to a Selenium version that supports CDP version 140
]]></system-err>
  </testcase>
</testsuite>