<?xml version="1.0" encoding="UTF-8"?>
<!-- Generated by org.testng.reporters.JUnitReportReporter -->
<testsuite hostname="DESKTOP-UMKL2J1" failures="0" tests="1" name="tests.DashboardPageTest" time="48.520" errors="0" timestamp="2025-09-18T09:51:07 IST" skipped="0">
  <testcase classname="tests.DashboardPageTest" name="testVerifyManagedApplicationsCountShownInDashboard" time="48.520"/>
</testsuite> <!-- tests.DashboardPageTest -->
