<?xml version="1.0" encoding="UTF-8"?>
<!-- Generated by org.testng.reporters.JUnitReportReporter -->
<testsuite hostname="DESKTOP-UMKL2J1" failures="0" tests="1" name="tests.LoginPageTest" time="41.686" errors="0" timestamp="2025-09-18T09:51:07 IST" skipped="0">
  <testcase classname="tests.LoginPageTest" name="testShouldAbleToLoginWithValidCredentials" time="41.686"/>
</testsuite> <!-- tests.LoginPageTest -->
